0 info it worked if it ends with ok
1 verbose cli [ '/usr/local/bin/node', '/usr/local/bin/npm', 'link' ]
2 info using npm@3.10.10
3 info using node@v6.11.0
4 verbose linkPkg /Users/nita/maria/hubot-scripts-deploy
5 silly gentlyRm /usr/local/lib/node_modules/hubot-scripts-deploy is being purged
6 verbose gentlyRm don't care about contents; nuking /usr/local/lib/node_modules/hubot-scripts-deploy
7 verbose link build target /usr/local/lib/node_modules/hubot-scripts-deploy
8 silly loadCurrentTree Starting
9 silly install loadCurrentTree
10 silly install readLocalPackageData
11 silly install normalizeTree
12 silly loadCurrentTree Finishing
13 silly loadIdealTree Starting
14 silly install loadIdealTree
15 silly cloneCurrentTree Starting
16 silly install cloneCurrentTreeToIdealTree
17 silly cloneCurrentTree Finishing
18 silly loadShrinkwrap Starting
19 silly install loadShrinkwrap
20 silly loadShrinkwrap Finishing
21 silly loadAllDepsIntoIdealTree Starting
22 silly install loadAllDepsIntoIdealTree
23 silly fetchNamedPackageData requestify
24 silly mapToRegistry name requestify
25 silly mapToRegistry using default registry
26 silly mapToRegistry registry https://registry.npmjs.org/
27 silly mapToRegistry data Result {
27 silly mapToRegistry   raw: 'requestify',
27 silly mapToRegistry   scope: null,
27 silly mapToRegistry   escapedName: 'requestify',
27 silly mapToRegistry   name: 'requestify',
27 silly mapToRegistry   rawSpec: '',
27 silly mapToRegistry   spec: 'latest',
27 silly mapToRegistry   type: 'tag' }
28 silly mapToRegistry uri https://registry.npmjs.org/requestify
29 silly fetchNamedPackageData cson
30 silly mapToRegistry name cson
31 silly mapToRegistry using default registry
32 silly mapToRegistry registry https://registry.npmjs.org/
33 silly mapToRegistry data Result {
33 silly mapToRegistry   raw: 'cson',
33 silly mapToRegistry   scope: null,
33 silly mapToRegistry   escapedName: 'cson',
33 silly mapToRegistry   name: 'cson',
33 silly mapToRegistry   rawSpec: '',
33 silly mapToRegistry   spec: 'latest',
33 silly mapToRegistry   type: 'tag' }
34 silly mapToRegistry uri https://registry.npmjs.org/cson
35 verbose request uri https://registry.npmjs.org/requestify
36 verbose request no auth needed
37 info attempt registry request try #1 at 8:55:54 AM
38 verbose request id 54b33e9929bb3ab7
39 http request GET https://registry.npmjs.org/requestify
40 verbose request uri https://registry.npmjs.org/cson
41 verbose request no auth needed
42 info attempt registry request try #1 at 8:55:54 AM
43 http request GET https://registry.npmjs.org/cson
44 http 200 https://registry.npmjs.org/requestify
45 verbose headers { server: 'nginx/1.10.1',
45 verbose headers   'content-type': 'application/json',
45 verbose headers   'last-modified': 'Sat, 14 Oct 2017 19:05:16 GMT',
45 verbose headers   etag: 'W/"59e25fec-88ef"',
45 verbose headers   'content-encoding': 'gzip',
45 verbose headers   'cache-control': 'max-age=300',
45 verbose headers   'content-length': '6081',
45 verbose headers   'accept-ranges': 'bytes',
45 verbose headers   date: 'Wed, 22 Nov 2017 06:55:53 GMT',
45 verbose headers   via: '1.1 varnish',
45 verbose headers   age: '0',
45 verbose headers   connection: 'keep-alive',
45 verbose headers   'x-served-by': 'cache-hhn1537-HHN',
45 verbose headers   'x-cache': 'MISS',
45 verbose headers   'x-cache-hits': '0',
45 verbose headers   'x-timer': 'S1511333753.266968,VS0,VE2',
45 verbose headers   vary: 'Accept-Encoding, Accept' }
46 silly get cb [ 200,
46 silly get   { server: 'nginx/1.10.1',
46 silly get     'content-type': 'application/json',
46 silly get     'last-modified': 'Sat, 14 Oct 2017 19:05:16 GMT',
46 silly get     etag: 'W/"59e25fec-88ef"',
46 silly get     'content-encoding': 'gzip',
46 silly get     'cache-control': 'max-age=300',
46 silly get     'content-length': '6081',
46 silly get     'accept-ranges': 'bytes',
46 silly get     date: 'Wed, 22 Nov 2017 06:55:53 GMT',
46 silly get     via: '1.1 varnish',
46 silly get     age: '0',
46 silly get     connection: 'keep-alive',
46 silly get     'x-served-by': 'cache-hhn1537-HHN',
46 silly get     'x-cache': 'MISS',
46 silly get     'x-cache-hits': '0',
46 silly get     'x-timer': 'S1511333753.266968,VS0,VE2',
46 silly get     vary: 'Accept-Encoding, Accept' } ]
47 verbose get saving requestify to /Users/nita/.npm/registry.npmjs.org/requestify/.cache.json
48 verbose correctMkdir /Users/nita/.npm correctMkdir not in flight; initializing
49 http 200 https://registry.npmjs.org/cson
50 verbose headers { server: 'nginx/1.10.1',
50 verbose headers   'content-type': 'application/json',
50 verbose headers   'last-modified': 'Wed, 02 Aug 2017 16:10:56 GMT',
50 verbose headers   etag: 'W/"5981f990-13a57"',
50 verbose headers   'content-encoding': 'gzip',
50 verbose headers   'cache-control': 'max-age=300',
50 verbose headers   'content-length': '10181',
50 verbose headers   'accept-ranges': 'bytes',
50 verbose headers   date: 'Wed, 22 Nov 2017 06:55:53 GMT',
50 verbose headers   via: '1.1 varnish',
50 verbose headers   age: '183',
50 verbose headers   connection: 'keep-alive',
50 verbose headers   'x-served-by': 'cache-hhn1527-HHN',
50 verbose headers   'x-cache': 'HIT',
50 verbose headers   'x-cache-hits': '1',
50 verbose headers   'x-timer': 'S1511333753.282921,VS0,VE0',
50 verbose headers   vary: 'Accept-Encoding, Accept' }
51 silly get cb [ 200,
51 silly get   { server: 'nginx/1.10.1',
51 silly get     'content-type': 'application/json',
51 silly get     'last-modified': 'Wed, 02 Aug 2017 16:10:56 GMT',
51 silly get     etag: 'W/"5981f990-13a57"',
51 silly get     'content-encoding': 'gzip',
51 silly get     'cache-control': 'max-age=300',
51 silly get     'content-length': '10181',
51 silly get     'accept-ranges': 'bytes',
51 silly get     date: 'Wed, 22 Nov 2017 06:55:53 GMT',
51 silly get     via: '1.1 varnish',
51 silly get     age: '183',
51 silly get     connection: 'keep-alive',
51 silly get     'x-served-by': 'cache-hhn1527-HHN',
51 silly get     'x-cache': 'HIT',
51 silly get     'x-cache-hits': '1',
51 silly get     'x-timer': 'S1511333753.282921,VS0,VE0',
51 silly get     vary: 'Accept-Encoding, Accept' } ]
52 verbose get saving cson to /Users/nita/.npm/registry.npmjs.org/cson/.cache.json
53 verbose correctMkdir /Users/nita/.npm correctMkdir not in flight; initializing
54 silly resolveWithNewModule requestify@0.1.17 checking installable status
55 silly cache add args [ 'requestify@^0.1.17', null ]
56 verbose cache add spec requestify@^0.1.17
57 silly cache add parsed spec Result {
57 silly cache add   raw: 'requestify@^0.1.17',
57 silly cache add   scope: null,
57 silly cache add   escapedName: 'requestify',
57 silly cache add   name: 'requestify',
57 silly cache add   rawSpec: '^0.1.17',
57 silly cache add   spec: '>=0.1.17 <0.2.0',
57 silly cache add   type: 'range' }
58 silly addNamed requestify@>=0.1.17 <0.2.0
59 verbose addNamed ">=0.1.17 <0.2.0" is a valid semver range for requestify
60 silly addNameRange { name: 'requestify', range: '>=0.1.17 <0.2.0', hasData: false }
61 silly mapToRegistry name requestify
62 silly mapToRegistry using default registry
63 silly mapToRegistry registry https://registry.npmjs.org/
64 silly mapToRegistry data Result {
64 silly mapToRegistry   raw: 'requestify',
64 silly mapToRegistry   scope: null,
64 silly mapToRegistry   escapedName: 'requestify',
64 silly mapToRegistry   name: 'requestify',
64 silly mapToRegistry   rawSpec: '',
64 silly mapToRegistry   spec: 'latest',
64 silly mapToRegistry   type: 'tag' }
65 silly mapToRegistry uri https://registry.npmjs.org/requestify
66 verbose addNameRange registry:https://registry.npmjs.org/requestify not in flight; fetching
67 verbose get https://registry.npmjs.org/requestify not expired, no request
68 silly addNameRange number 2 { name: 'requestify', range: '>=0.1.17 <0.2.0', hasData: true }
69 silly addNameRange versions [ 'requestify',
69 silly addNameRange   [ '0.1.2',
69 silly addNameRange     '0.1.3',
69 silly addNameRange     '0.1.4',
69 silly addNameRange     '0.1.5',
69 silly addNameRange     '0.1.6',
69 silly addNameRange     '0.1.7',
69 silly addNameRange     '0.1.8',
69 silly addNameRange     '0.1.9',
69 silly addNameRange     '0.1.10',
69 silly addNameRange     '0.1.11',
69 silly addNameRange     '0.1.12',
69 silly addNameRange     '0.1.13',
69 silly addNameRange     '0.1.14',
69 silly addNameRange     '0.1.15',
69 silly addNameRange     '0.1.16',
69 silly addNameRange     '0.1.17',
69 silly addNameRange     '0.2.0',
69 silly addNameRange     '0.2.1',
69 silly addNameRange     '0.2.2',
69 silly addNameRange     '0.2.3',
69 silly addNameRange     '0.2.4',
69 silly addNameRange     '0.2.5' ] ]
70 silly addNamed requestify@0.1.17
71 verbose addNamed "0.1.17" is a plain semver version for requestify
72 silly mapToRegistry name requestify
73 silly mapToRegistry using default registry
74 silly mapToRegistry registry https://registry.npmjs.org/
75 silly mapToRegistry data Result {
75 silly mapToRegistry   raw: 'requestify',
75 silly mapToRegistry   scope: null,
75 silly mapToRegistry   escapedName: 'requestify',
75 silly mapToRegistry   name: 'requestify',
75 silly mapToRegistry   rawSpec: '',
75 silly mapToRegistry   spec: 'latest',
75 silly mapToRegistry   type: 'tag' }
76 silly mapToRegistry uri https://registry.npmjs.org/requestify
77 verbose addRemoteTarball https://registry.npmjs.org/requestify/-/requestify-0.1.17.tgz not in flight; adding
78 verbose addRemoteTarball [ 'https://registry.npmjs.org/requestify/-/requestify-0.1.17.tgz',
78 verbose addRemoteTarball   '56702a68b35d18f5706a40e47a11727c9432ee60' ]
79 silly fetchPackageMetaData Error: No compatible version found: cson@^4.1.10
79 silly fetchPackageMetaData Valid install targets:
79 silly fetchPackageMetaData 4.1.0, 4.0.0, 3.0.2, 3.0.1, 3.0.0, 2.0.0, 1.6.2, 1.6.1, 1.6.0, 1.4.5, 1.4.4, 1.4.3, 1.4.2, 1.4.1, 1.4.0, 1.3.0, 1.2.3, 1.2.2, 1.2.1, 1.2.0, 1.1.2, 1.1.1, 1.1.0, 1.0.2, 1.0.1, 1.0.0, 0.2.0, 0.1.1, 0.1.0
79 silly fetchPackageMetaData
79 silly fetchPackageMetaData     at pickVersionFromRegistryDocument (/usr/local/lib/node_modules/npm/lib/fetch-package-metadata.js:178:16)
79 silly fetchPackageMetaData     at /usr/local/lib/node_modules/npm/node_modules/iferr/index.js:13:50
79 silly fetchPackageMetaData     at /usr/local/lib/node_modules/npm/lib/utils/pulse-till-done.js:20:8
79 silly fetchPackageMetaData     at saved (/usr/local/lib/node_modules/npm/lib/cache/caching-client.js:174:7)
79 silly fetchPackageMetaData     at /usr/local/lib/node_modules/npm/node_modules/graceful-fs/polyfills.js:241:18
79 silly fetchPackageMetaData     at FSReqWrap.oncomplete (fs.js:123:15)
79 silly fetchPackageMetaData  error for cson@^4.1.10 { Error: No compatible version found: cson@^4.1.10
79 silly fetchPackageMetaData Valid install targets:
79 silly fetchPackageMetaData 4.1.0, 4.0.0, 3.0.2, 3.0.1, 3.0.0, 2.0.0, 1.6.2, 1.6.1, 1.6.0, 1.4.5, 1.4.4, 1.4.3, 1.4.2, 1.4.1, 1.4.0, 1.3.0, 1.2.3, 1.2.2, 1.2.1, 1.2.0, 1.1.2, 1.1.1, 1.1.0, 1.0.2, 1.0.1, 1.0.0, 0.2.0, 0.1.1, 0.1.0
79 silly fetchPackageMetaData
79 silly fetchPackageMetaData     at pickVersionFromRegistryDocument (/usr/local/lib/node_modules/npm/lib/fetch-package-metadata.js:178:16)
79 silly fetchPackageMetaData     at /usr/local/lib/node_modules/npm/node_modules/iferr/index.js:13:50
79 silly fetchPackageMetaData     at /usr/local/lib/node_modules/npm/lib/utils/pulse-till-done.js:20:8
79 silly fetchPackageMetaData     at saved (/usr/local/lib/node_modules/npm/lib/cache/caching-client.js:174:7)
79 silly fetchPackageMetaData     at /usr/local/lib/node_modules/npm/node_modules/graceful-fs/polyfills.js:241:18
79 silly fetchPackageMetaData     at FSReqWrap.oncomplete (fs.js:123:15) code: 'ETARGET' }
80 info retry fetch attempt 1 at 8:55:54 AM
81 info attempt registry request try #1 at 8:55:54 AM
82 http fetch GET https://registry.npmjs.org/requestify/-/requestify-0.1.17.tgz
83 http fetch 200 https://registry.npmjs.org/requestify/-/requestify-0.1.17.tgz
84 silly fetchAndShaCheck shasum 56702a68b35d18f5706a40e47a11727c9432ee60
85 verbose addTmpTarball /var/folders/83/8z__ktgx3ll1nznknr5zt8600000gn/T/npm-51508-2b87f537/registry.npmjs.org/requestify/-/requestify-0.1.17.tgz not in flight; adding
86 verbose addTmpTarball already have metadata; skipping unpack for requestify@0.1.17
87 verbose correctMkdir /Users/nita/.npm correctMkdir not in flight; initializing
88 silly cache afterAdd requestify@0.1.17
89 verbose afterAdd /Users/nita/.npm/requestify/0.1.17/package/package.json not in flight; writing
90 verbose correctMkdir /Users/nita/.npm correctMkdir not in flight; initializing
91 verbose afterAdd /Users/nita/.npm/requestify/0.1.17/package/package.json written
92 silly rollbackFailedOptional Starting
93 silly rollbackFailedOptional Finishing
94 silly runTopLevelLifecycles Finishing
95 silly install printInstalled
96 verbose stack Error: No compatible version found: cson@^4.1.10
96 verbose stack Valid install targets:
96 verbose stack 4.1.0, 4.0.0, 3.0.2, 3.0.1, 3.0.0, 2.0.0, 1.6.2, 1.6.1, 1.6.0, 1.4.5, 1.4.4, 1.4.3, 1.4.2, 1.4.1, 1.4.0, 1.3.0, 1.2.3, 1.2.2, 1.2.1, 1.2.0, 1.1.2, 1.1.1, 1.1.0, 1.0.2, 1.0.1, 1.0.0, 0.2.0, 0.1.1, 0.1.0
96 verbose stack
96 verbose stack     at pickVersionFromRegistryDocument (/usr/local/lib/node_modules/npm/lib/fetch-package-metadata.js:178:16)
96 verbose stack     at /usr/local/lib/node_modules/npm/node_modules/iferr/index.js:13:50
96 verbose stack     at /usr/local/lib/node_modules/npm/lib/utils/pulse-till-done.js:20:8
96 verbose stack     at saved (/usr/local/lib/node_modules/npm/lib/cache/caching-client.js:174:7)
96 verbose stack     at /usr/local/lib/node_modules/npm/node_modules/graceful-fs/polyfills.js:241:18
96 verbose stack     at FSReqWrap.oncomplete (fs.js:123:15)
97 verbose cwd /Users/nita/maria/hubot-scripts-deploy
98 error Darwin 16.7.0
99 error argv "/usr/local/bin/node" "/usr/local/bin/npm" "link"
100 error node v6.11.0
101 error npm  v3.10.10
102 error code ETARGET
103 error notarget No compatible version found: cson@^4.1.10
103 error notarget Valid install targets:
103 error notarget 4.1.0, 4.0.0, 3.0.2, 3.0.1, 3.0.0, 2.0.0, 1.6.2, 1.6.1, 1.6.0, 1.4.5, 1.4.4, 1.4.3, 1.4.2, 1.4.1, 1.4.0, 1.3.0, 1.2.3, 1.2.2, 1.2.1, 1.2.0, 1.1.2, 1.1.1, 1.1.0, 1.0.2, 1.0.1, 1.0.0, 0.2.0, 0.1.1, 0.1.0
104 error notarget This is most likely not a problem with npm itself.
104 error notarget In most cases you or one of your dependencies are requesting
104 error notarget a package version that doesn't exist.
104 error notarget
104 error notarget It was specified as a dependency of 'hubot-scripts-deploy'
105 verbose exit [ 1, true ]
